[01-Nov-2016 05:27:55 UTC] PHP Warning:  予期しないエラーが発生しました。WordPress.org かこのサーバーの設定に何か問題があるかもしれません。問題が続くようであれば、<a href="https://ja.wordpress.org/support/">サポートフォーラム</a>を参照してみてください。 (WordPress は WordPress.org との安全な接続を確立できませんでした。サーバー管理者にご連絡ください) in /var/www/wordpress/wp-includes/update.php on line 479
[01-Nov-2016 05:34:43 UTC] PHP Warning:  予期しないエラーが発生しました。WordPress.org かこのサーバーの設定に何か問題があるかもしれません。問題が続くようであれば、<a href="https://ja.wordpress.org/support/">サポートフォーラム</a>を参照してみてください。 (WordPress は WordPress.org との安全な接続を確立できませんでした。サーバー管理者にご連絡ください) in /var/www/wordpress/wp-includes/update.php on line 306
[01-Nov-2016 05:38:31 UTC] PHP Parse error:  syntax error, unexpected '<' in /var/www/wordpress/wp-content/themes/mytheme/index.php on line 2
[01-Nov-2016 05:38:51 UTC] PHP Parse error:  syntax error, unexpected '<' in /var/www/wordpress/wp-content/themes/mytheme/index.php on line 2
[01-Nov-2016 05:39:26 UTC] PHP Parse error:  syntax error, unexpected '<' in /var/www/wordpress/wp-content/themes/mytheme/index.php on line 2
[01-Nov-2016 05:39:57 UTC] PHP Parse error:  syntax error, unexpected '<' in /var/www/wordpress/wp-content/themes/mytheme/index.php on line 2
[01-Nov-2016 05:40:58 UTC] PHP Parse error:  syntax error, unexpected '<' in /var/www/wordpress/wp-content/themes/mytheme/index.php on line 2
[01-Nov-2016 05:41:38 UTC] PHP Parse error:  syntax error, unexpected '<' in /var/www/wordpress/wp-content/themes/mytheme/index.php on line 2
[01-Nov-2016 05:42:43 UTC] PHP Parse error:  syntax error, unexpected '<' in /var/www/wordpress/wp-content/themes/mytheme/index.php on line 2
[01-Nov-2016 05:42:46 UTC] PHP Parse error:  syntax error, unexpected '<' in /var/www/wordpress/wp-content/themes/mytheme/index.php on line 2
[01-Nov-2016 05:43:10 UTC] PHP Parse error:  syntax error, unexpected '<' in /var/www/wordpress/wp-content/themes/mytheme/index.php on line 2
[01-Nov-2016 05:43:11 UTC] PHP Parse error:  syntax error, unexpected '<' in /var/www/wordpress/wp-content/themes/mytheme/index.php on line 2
[01-Nov-2016 05:43:20 UTC] PHP Parse error:  syntax error, unexpected '<' in /var/www/wordpress/wp-content/themes/mytheme/index.php on line 2
[01-Nov-2016 05:44:05 UTC] PHP Parse error:  syntax error, unexpected '<' in /var/www/wordpress/wp-content/themes/mytheme/index.php on line 2
[01-Nov-2016 05:44:15 UTC] PHP Parse error:  syntax error, unexpected '<' in /var/www/wordpress/wp-content/themes/mytheme/index.php on line 2
[02-Nov-2016 08:07:08 UTC] PHP Parse error:  syntax error, unexpected ':', expecting ';' in /var/www/wordpress/wp-content/themes/mytheme/index.php on line 9
[02-Nov-2016 13:26:53 UTC] PHP Parse error:  syntax error, unexpected end of file in /var/www/wordpress/wp-content/themes/mytheme/sidebar.php on line 17
[02-Nov-2016 13:27:17 UTC] PHP Notice:  Undefined variable: myposts in /var/www/wordpress/wp-content/themes/mytheme/sidebar.php on line 11
[02-Nov-2016 13:27:17 UTC] PHP Warning:  Invalid argument supplied for foreach() in /var/www/wordpress/wp-content/themes/mytheme/sidebar.php on line 11
[02-Nov-2016 13:33:35 UTC] PHP Notice:  Undefined variable: myposts in /var/www/wordpress/wp-content/themes/mytheme/sidebar.php on line 13
[02-Nov-2016 13:33:35 UTC] PHP Warning:  Invalid argument supplied for foreach() in /var/www/wordpress/wp-content/themes/mytheme/sidebar.php on line 13
[02-Nov-2016 13:53:59 UTC] PHP Warning:  予期しないエラーが発生しました。WordPress.org かこのサーバーの設定に何か問題があるかもしれません。問題が続くようであれば、<a href="https://ja.wordpress.org/support/">サポートフォーラム</a>を参照してみてください。 (WordPress は WordPress.org との安全な接続を確立できませんでした。サーバー管理者にご連絡ください) in /var/www/wordpress/wp-includes/update.php on line 306
[06-Nov-2016 05:09:50 UTC] PHP Warning:  予期しないエラーが発生しました。WordPress.org かこのサーバーの設定に何か問題があるかもしれません。問題が続くようであれば、<a href="https://ja.wordpress.org/support/">サポートフォーラム</a>を参照してみてください。 (WordPress は WordPress.org との安全な接続を確立できませんでした。サーバー管理者にご連絡ください) in /var/www/wordpress/wp-includes/update.php on line 123
[06-Nov-2016 05:54:07 UTC] PHP Notice:  Undefined index: post_id in /var/www/wordpress/wp-content/plugins/pixabay-images/pixabay-images.php on line 239
[06-Nov-2016 05:54:10 UTC] PHP Notice:  Trying to get property of non-object in /var/www/wordpress/wp-includes/post.php on line 3579
[06-Nov-2016 05:54:10 UTC] PHP Notice:  Trying to get property of non-object in /var/www/wordpress/wp-includes/post.php on line 3579
[06-Nov-2016 05:55:14 UTC] PHP Notice:  Undefined index: post_id in /var/www/wordpress/wp-content/plugins/pixabay-images/pixabay-images.php on line 239
[06-Nov-2016 05:56:09 UTC] PHP Notice:  Undefined index: post_id in /var/www/wordpress/wp-content/plugins/pixabay-images/pixabay-images.php on line 239
[06-Nov-2016 05:56:14 UTC] PHP Notice:  Trying to get property of non-object in /var/www/wordpress/wp-includes/post.php on line 3579
[06-Nov-2016 05:56:14 UTC] PHP Notice:  Trying to get property of non-object in /var/www/wordpress/wp-includes/post.php on line 3579
[06-Nov-2016 09:10:22 UTC] PHP Notice:  Undefined index: post_id in /var/www/wordpress/wp-content/plugins/pixabay-images/pixabay-images.php on line 239
[06-Nov-2016 09:10:24 UTC] PHP Notice:  Trying to get property of non-object in /var/www/wordpress/wp-includes/post.php on line 3579
[06-Nov-2016 09:10:24 UTC] PHP Notice:  Trying to get property of non-object in /var/www/wordpress/wp-includes/post.php on line 3579
